{"/Users/carlosbuendia/Documents/Projects/consensys/Frontier/trl-listener/src/services/contractService.ts": {"path":"/Users/carlosbuendia/Documents/Projects/consensys/Frontier/trl-listener/src/services/contractService.ts","statementMap":{"0":{"start":{"line":1,"column":0},"end":{"line":1,"column":23}},"1":{"start":{"line":2,"column":0},"end":{"line":2,"column":33}},"2":{"start":{"line":3,"column":0},"end":{"line":3,"column":59}},"3":{"start":{"line":5,"column":13},"end":{"line":5,"column":28}},"4":{"start":{"line":7,"column":18},"end":{"line":7,"column":43}},"5":{"start":{"line":9,"column":0},"end":{"line":9,"column":57}},"6":{"start":{"line":11,"column":17},"end":{"line":11,"column":53}},"7":{"start":{"line":13,"column":27},"end":{"line":13,"column":65}},"8":{"start":{"line":33,"column":2},"end":{"line":33,"column":15}},"9":{"start":{"line":15,"column":2},"end":{"line":15,"column":60}},"10":{"start":{"line":32,"column":2},"end":{"line":32,"column":25}},"11":{"start":{"line":17,"column":2},"end":{"line":17,"column":66}},"12":{"start":{"line":35,"column":2},"end":{"line":35,"column":28}},"13":{"start":{"line":19,"column":2},"end":{"line":19,"column":62}},"14":{"start":{"line":34,"column":2},"end":{"line":34,"column":24}},"15":{"start":{"line":21,"column":0},"end":{"line":29,"column":2}}},"fnMap":{},"branchMap":{},"s":{"0":1,"1":1,"2":1,"3":1,"4":1,"5":1,"6":1,"7":1,"8":1,"9":1,"10":1,"11":1,"12":1,"13":1,"14":1,"15":1},"f":{},"b":{}}
,"/Users/carlosbuendia/Documents/Projects/consensys/Frontier/trl-listener/src/services/rabbitmqService.ts": {"path":"/Users/carlosbuendia/Documents/Projects/consensys/Frontier/trl-listener/src/services/rabbitmqService.ts","statementMap":{"0":{"start":{"line":1,"column":0},"end":{"line":1,"column":23}},"1":{"start":{"line":2,"column":13},"end":{"line":2,"column":31}},"2":{"start":{"line":3,"column":0},"end":{"line":3,"column":33}},"3":{"start":{"line":6,"column":2},"end":{"line":14,"column":3}},"4":{"start":{"line":7,"column":23},"end":{"line":7,"column":60}},"5":{"start":{"line":8,"column":20},"end":{"line":8,"column":52}},"6":{"start":{"line":9,"column":4},"end":{"line":9,"column":64}},"7":{"start":{"line":10,"column":4},"end":{"line":10,"column":19}},"8":{"start":{"line":12,"column":4},"end":{"line":12,"column":20}},"9":{"start":{"line":13,"column":4},"end":{"line":13,"column":13}},"10":{"start":{"line":5,"column":0},"end":{"line":15,"column":1}}},"fnMap":{"0":{"name":"initializeRabbitConnection","decl":{"start":{"line":5,"column":0},"end":{"line":null,"column":-1}},"loc":{"start":{"line":5,"column":0},"end":{"line":15,"column":1}}}},"branchMap":{},"s":{"0":1,"1":1,"2":1,"3":2,"4":2,"5":2,"6":2,"7":2,"8":0,"9":0,"10":1},"f":{"0":2},"b":{}}
}
